<?xml version="1.0" encoding="UTF-8"?>
<testng-results skipped="0" failed="0" ignored="0" total="1" passed="1">
  <reporter-output>
  </reporter-output>
  <suite name="Default suite" duration-ms="17324" started-at="2020-03-05T06:21:18Z" finished-at="2020-03-05T06:21:35Z">
    <groups>
    </groups>
    <test name="Default test" duration-ms="17324" started-at="2020-03-05T06:21:18Z" finished-at="2020-03-05T06:21:35Z">
      <class name="Demowebshoptest.VerifyRegistrationdemo">
        <test-method status="PASS" signature="checklogin()[pri:0, instance:Demowebshoptest.VerifyRegistrationdemo@548b7f67]" name="checklogin" duration-ms="17289" started-at="2020-03-05T06:21:18Z" finished-at="2020-03-05T06:21:35Z">
          <reporter-output>
          </reporter-output>
        </test-method> <!-- checklogin -->
      </class> <!-- Demowebshoptest.VerifyRegistrationdemo -->
    </test> <!-- Default test -->
  </suite> <!-- Default suite -->
</testng-results>
